app/build/outputs/logs/manifest-merger-debug-report.txt
-- Merging decision tree log ---
manifest
ADDED from src\main\AndroidManifest.xml:2:1-127:12
INJECTED from src\main\AndroidManifest.xml:2:1-127:12
INJECTED from src\main\AndroidManifest.xml:2:1-127:12
INJECTED from src\main\AndroidManifest.xml:2:1-127:12
MERGED from [com.roughike:bottom-bar:2.3.1] AndroidManifest.xml:2:1-12:12
MERGED from [com.google.android.material:material:1.0.0] AndroidManifest.xml:17:1-24:12
MERGED from [androidx.appcompat:appcompat:1.0.0] AndroidManifest.xml:17:1-22:12
MERGED from [androidx.browser:browser:1.0.0] AndroidManifest.xml:17:1-22:12
MERGED from [androidx.vectordrawable:vectordrawable-animated:1.0.0] AndroidManifest.xml:17:1-22:12
MERGED from [androidx.vectordrawable:vectordrawable:1.0.0] AndroidManifest.xml:17:1-22:12
MERGED from [androidx.legacy:legacy-support-v4:1.0.0] AndroidManifest.xml:17:1-22:12
MERGED from [androidx.media:media:1.0.0] AndroidManifest.xml:17:1-22:12
MERGED from [com.google.firebase:firebase-core:17.2.0] AndroidManifest.xml:2:1-9:12
MERGED from [com.google.firebase:firebase-messaging:20.0.0] AndroidManifest.xml:17:1-37:12
MERGED from [com.google.android.gms:play-services-maps:17.0.0] AndroidManifest.xml:17:1-38:12
MERGED from [com.google.android.gms:play-services-analytics:17.0.0] AndroidManifest.xml:17:1-47:12
MERGED from [androidx.multidex:multidex:2.0.0] AndroidManifest.xml:17:1-22:12
MERGED from [com.google.firebase:firebase-analytics:17.2.0] AndroidManifest.xml:2:1-9:12
MERGED from [com.google.android.gms:play-services-measurement-api:17.2.0] AndroidManifest.xml:17:1-36:12
MERGED from [com.google.firebase:firebase-iid:20.0.0] AndroidManifest.xml:17:1-47:12
MERGED from [com.google.firebase:firebase-common:19.0.0] AndroidManifest.xml:2:1-19:12
MERGED from [com.google.android.gms:play-services-tagmanager-v4-impl:17.0.0] AndroidManifest.xml:17:1-24:12
MERGED from [com.google.android.gms:play-services-analytics-impl:17.0.0] AndroidManifest.xml:17:1-31:12
MERGED from [com.google.firebase:firebase-iid-interop:17.0.0] AndroidManifest.xml:2:1-10:12
MERGED from [com.google.android.gms:play-services-base:17.0.0] AndroidManifest.xml:17:1-29:12
MERGED from [com.google.android.gms:play-services-tasks:17.0.0] AndroidManifest.xml:2:1-9:12
MERGED from [com.google.firebase:firebase-measurement-connector:18.0.0] AndroidManifest.xml:17:1-25:12
MERGED from [com.google.android.gms:play-services-measurement:17.2.0] AndroidManifest.xml:17:1-55:12
MERGED from [com.google.android.gms:play-services-measurement-sdk:17.2.0] AndroidManifest.xml:17:1-25:12
MERGED from [com.google.android.gms:play-services-measurement-impl:17.2.0] AndroidManifest.xml:17:1-40:12
MERGED from [com.google.android.gms:play-services-stats:17.0.0] AndroidManifest.xml:2:1-9:12
MERGED from [com.google.android.gms:play-services-ads-identifier:17.0.0] AndroidManifest.xml:17:1-24:12
MERGED from [com.google.android.gms:play-services-measurement-sdk-api:17.2.0] AndroidManifest.xml:17:1-27:12
MERGED from [com.google.android.gms:play-services-measurement-base:17.2.0] AndroidManifest.xml:2:1-9:12
MERGED from [com.google.android.gms:play-services-basement:17.0.0] AndroidManifest.xml:17:1-28:12
MERGED from [androidx.fragment:fragment:1.0.0] AndroidManifest.xml:17:1-22:12
MERGED from [androidx.recyclerview:recyclerview:1.0.0] AndroidManifest.xml:17:1-22:12
MERGED from [androidx.legacy:legacy-support-core-ui:1.0.0] AndroidManifest.xml:17:1-22:12
MERGED from [androidx.legacy:legacy-support-core-utils:1.0.0] AndroidManifest.xml:17:1-22:12
MERGED from [androidx.transition:transition:1.0.0] AndroidManifest.xml:17:1-22:12
MERGED from [androidx.loader:loader:1.0.0] AndroidManifest.xml:17:1-22:12
MERGED from [androidx.viewpager:viewpager:1.0.0] AndroidManifest.xml:17:1-22:12
MERGED from [androidx.coordinatorlayout:coordinatorlayout:1.0.0] AndroidManifest.xml:17:1-22:12
MERGED from [androidx.drawerlayout:drawerlayout:1.0.0] AndroidManifest.xml:17:1-22:12
MERGED from [androidx.slidingpanelayout:slidingpanelayout:1.0.0] AndroidManifest.xml:17:1-22:12
MERGED from [androidx.customview:customview:1.0.0] AndroidManifest.xml:17:1-22:12
MERGED from [androidx.swiperefreshlayout:swiperefreshlayout:1.0.0] AndroidManifest.xml:17:1-22:12
MERGED from [androidx.asynclayoutinflater:asynclayoutinflater:1.0.0] AndroidManifest.xml:17:1-22:12
MERGED from [androidx.core:core:1.0.0] AndroidManifest.xml:17:1-24:12
MERGED from [androidx.versionedparcelable:versionedparcelable:1.0.0] AndroidManifest.xml:17:1-25:12
MERGED from [androidx.cursoradapter:cursoradapter:1.0.0] AndroidManifest.xml:17:1-22:12
MERGED from [androidx.interpolator:interpolator:1.0.0] AndroidManifest.xml:17:1-22:12
MERGED from [androidx.cardview:cardview:1.0.0] AndroidManifest.xml:17:1-22:12
MERGED from [androidx.lifecycle:lifecycle-runtime:2.0.0] AndroidManifest.xml:17:1-22:12
MERGED from [androidx.documentfile:documentfile:1.0.0] AndroidManifest.xml:17:1-22:12
MERGED from [androidx.localbroadcastmanager:localbroadcastmanager:1.0.0] AndroidManifest.xml:17:1-22:12
MERGED from [androidx.print:print:1.0.0] AndroidManifest.xml:17:1-22:12
MERGED from [androidx.lifecycle:lifecycle-viewmodel:2.0.0] AndroidManifest.xml:17:1-22:12
MERGED from [androidx.lifecycle:lifecycle-livedata:2.0.0] AndroidManifest.xml:17:1-22:12
MERGED from [androidx.lifecycle:lifecycle-livedata-core:2.0.0] AndroidManifest.xml:17:1-22:12
MERGED from [androidx.arch.core:core-runtime:2.0.0] AndroidManifest.xml:17:1-22:12
INJECTED from src\main\AndroidManifest.xml:2:1-127:12
INJECTED from src\main\AndroidManifest.xml:2:1-127:12
INJECTED from src\main\AndroidManifest.xml:2:1-127:12
	package
		ADDED from src\main\AndroidManifest.xml:4:5-32
		INJECTED from src\main\AndroidManifest.xml
		INJECTED from src\main\AndroidManifest.xml
	android:versionName
		INJECTED from src\main\AndroidManifest.xml
		ADDED from src\main\AndroidManifest.xml:2:1-127:12
		INJECTED from src\main\AndroidManifest.xml
	xmlns:tools
		ADDED from src\main\AndroidManifest.xml:3:5-51
	android:versionCode
		INJECTED from src\main\AndroidManifest.xml
		ADDED from src\main\AndroidManifest.xml:2:1-127:12
		INJECTED from src\main\AndroidManifest.xml
	xmlns:android
		ADDED from src\main\AndroidManifest.xml:2:11-69
uses-permission#android.permission.INTERNET
ADDED from src\main\AndroidManifest.xml:6:5-67
MERGED from [com.google.android.gms:play-services-maps:17.0.0] AndroidManifest.xml:24:5-67
MERGED from [com.google.android.gms:play-services-maps:17.0.0] AndroidManifest.xml:24:5-67
MERGED from [com.google.android.gms:play-services-analytics:17.0.0] AndroidManifest.xml:23:5-67
MERGED from [com.google.android.gms:play-services-analytics:17.0.0] AndroidManifest.xml:23:5-67
MERGED from [com.google.android.gms:play-services-measurement-api:17.2.0] AndroidManifest.xml:22:5-67
MERGED from [com.google.android.gms:play-services-measurement-api:17.2.0] AndroidManifest.xml:22:5-67
MERGED from [com.google.firebase:firebase-iid:20.0.0] AndroidManifest.xml:23:5-67
MERGED from [com.google.firebase:firebase-iid:20.0.0] AndroidManifest.xml:23:5-67
MERGED from [com.google.android.gms:play-services-analytics-impl:17.0.0] AndroidManifest.xml:23:5-67
MERGED from [com.google.android.gms:play-services-analytics-impl:17.0.0] AndroidManifest.xml:23:5-67
MERGED from [com.google.android.gms:play-services-measurement:17.2.0] AndroidManifest.xml:23:5-67
MERGED from [com.google.android.gms:play-services-measurement:17.2.0] AndroidManifest.xml:23:5-67
MERGED from [com.google.android.gms:play-services-measurement-impl:17.2.0] AndroidManifest.xml:23:5-67
MERGED from [com.google.android.gms:play-services-measurement-impl:17.2.0] AndroidManifest.xml:23:5-67
MERGED from [com.google.android.gms:play-services-measurement-sdk-api:17.2.0] AndroidManifest.xml:23:5-67
MERGED from [com.google.android.gms:play-services-measurement-sdk-api:17.2.0] AndroidManifest.xml:23:5-67
	android:name
		ADDED from src\main\AndroidManifest.xml:6:22-64
uses-permission#android.permission.VIBRATE
ADDED from src\main\AndroidManifest.xml:7:5-66
	android:name
		ADDED from src\main\AndroidManifest.xml:7:22-63
uses-permission#android.permission.RECEIVE_BOOT_COMPLETED
ADDED from src\main\AndroidManifest.xml:8:5-81
	android:name
		ADDED from src\main\AndroidManifest.xml:8:22-78
uses-permission#android.permission.ACCESS_NETWORK_STATE
ADDED from src\main\AndroidManifest.xml:9:5-79
MERGED from [com.google.android.gms:play-services-maps:17.0.0] AndroidManifest.xml:23:5-79
MERGED from [com.google.android.gms:play-services-maps:17.0.0] AndroidManifest.xml:23:5-79
MERGED from [com.google.android.gms:play-services-analytics:17.0.0] AndroidManifest.xml:24:5-79
MERGED from [com.google.android.gms:play-services-analytics:17.0.0] AndroidManifest.xml:24:5-79
MERGED from [com.google.android.gms:play-services-measurement-api:17.2.0] AndroidManifest.xml:23:5-79
MERGED from [com.google.android.gms:play-services-measurement-api:17.2.0] AndroidManifest.xml:23:5-79
MERGED from [com.google.firebase:firebase-iid:20.0.0] AndroidManifest.xml:22:5-79
MERGED from [com.google.firebase:firebase-iid:20.0.0] AndroidManifest.xml:22:5-79
MERGED from [com.google.android.gms:play-services-analytics-impl:17.0.0] AndroidManifest.xml:24:5-79
MERGED from [com.google.android.gms:play-services-analytics-impl:17.0.0] AndroidManifest.xml:24:5-79
MERGED from [com.google.android.gms:play-services-measurement:17.2.0] AndroidManifest.xml:24:5-79
MERGED from [com.google.android.gms:play-services-measurement:17.2.0] AndroidManifest.xml:24:5-79
MERGED from [com.google.android.gms:play-services-measurement-impl:17.2.0] AndroidManifest.xml:24:5-79
MERGED from [com.google.android.gms:play-services-measurement-impl:17.2.0] AndroidManifest.xml:24:5-79
MERGED from [com.google.android.gms:play-services-measurement-sdk-api:17.2.0] AndroidManifest.xml:24:5-79
MERGED from [com.google.android.gms:play-services-measurement-sdk-api:17.2.0] AndroidManifest.xml:24:5-79
	android:name
		ADDED from src\main\AndroidManifest.xml:9:22-76
uses-permission#android.permission.WAKE_LOCK
ADDED from src\main\AndroidManifest.xml:10:5-68
MERGED from [com.google.android.gms:play-services-analytics:17.0.0] AndroidManifest.xml:27:5-68
MERGED from [com.google.android.gms:play-services-analytics:17.0.0] AndroidManifest.xml:27:5-68
MERGED from [com.google.android.gms:play-services-measurement-api:17.2.0] AndroidManifest.xml:24:5-68
MERGED from [com.google.android.gms:play-services-measurement-api:17.2.0] AndroidManifest.xml:24:5-68
MERGED from [com.google.firebase:firebase-iid:20.0.0] AndroidManifest.xml:24:5-68
MERGED from [com.google.firebase:firebase-iid:20.0.0] AndroidManifest.xml:24:5-68
MERGED from [com.google.android.gms:play-services-analytics-impl:17.0.0] AndroidManifest.xml:27:5-68
MERGED from [com.google.android.gms:play-services-analytics-impl:17.0.0] AndroidManifest.xml:27:5-68
MERGED from [com.google.android.gms:play-services-measurement:17.2.0] AndroidManifest.xml:25:5-68
MERGED from [com.google.android.gms:play-services-measurement:17.2.0] AndroidManifest.xml:25:5-68
MERGED from [com.google.android.gms:play-services-measurement-impl:17.2.0] AndroidManifest.xml:25:5-68
MERGED from [com.google.android.gms:play-services-measurement-impl:17.2.0] AndroidManifest.xml:25:5-68
MERGED from [com.google.android.gms:play-services-measurement-sdk-api:17.2.0] AndroidManifest.xml:25:5-68
MERGED from [com.google.android.gms:play-services-measurement-sdk-api:17.2.0] AndroidManifest.xml:25:5-68
	android:name
		ADDED from src\main\AndroidManifest.xml:10:22-65
uses-permission#android.permission.WRITE_EXTERNAL_STORAGE
ADDED from src\main\AndroidManifest.xml:11:5-81
	android:name
		ADDED from src\main\AndroidManifest.xml:11:22-78
uses-permission#android.permission.READ_EXTERNAL_STORAGE
ADDED from src\main\AndroidManifest.xml:12:5-80
	android:name
		ADDED from src\main\AndroidManifest.xml:12:22-77
uses-permission#android.permission.CAMERA
ADDED from src\main\AndroidManifest.xml:13:5-65
	android:name
		ADDED from src\main\AndroidManifest.xml:13:22-62
uses-feature#android.hardware.camera
ADDED from src\main\AndroidManifest.xml:14:5-60
	android:name
		ADDED from src\main\AndroidManifest.xml:14:19-57
uses-feature#android.hardware.camera.autofocus
ADDED from src\main\AndroidManifest.xml:15:5-70
	android:name
		ADDED from src\main\AndroidManifest.xml:15:19-67
uses-permission#android.permission.ACCESS_FINE_LOCATION
ADDED from src\main\AndroidManifest.xml:18:5-79
	android:name
		ADDED from src\main\AndroidManifest.xml:18:22-76
uses-permission#android.permission.ACCESS_COARSE_LOCATION
ADDED from src\main\AndroidManifest.xml:19:5-81
	android:name
		ADDED from src\main\AndroidManifest.xml:19:22-78
permission#com.becode.humhub.permission.C2D_MESSAGE
ADDED from src\main\AndroidManifest.xml:26:5-28:47
	android:protectionLevel
		ADDED from src\main\AndroidManifest.xml:28:9-44
	android:name
		ADDED from src\main\AndroidManifest.xml:27:9-64
uses-permission#com.digitalborder.webappessentials.permission.C2D_MESSAGE
ADDED from src\main\AndroidManifest.xml:30:5-97
	android:name
		ADDED from src\main\AndroidManifest.xml:30:22-94
uses-permission#com.google.android.c2dm.permission.RECEIVE
ADDED from src\main\AndroidManifest.xml:33:5-82
MERGED from [com.google.firebase:firebase-iid:20.0.0] AndroidManifest.xml:26:5-82
MERGED from [com.google.firebase:firebase-iid:20.0.0] AndroidManifest.xml:26:5-82
	android:name
		ADDED from src\main\AndroidManifest.xml:33:22-79
supports-screens
ADDED from src\main\AndroidManifest.xml:36:5-41:49
	android:largeScreens
		ADDED from src\main\AndroidManifest.xml:39:9-36
	android:smallScreens
		ADDED from src\main\AndroidManifest.xml:37:9-36
	android:requiresSmallestWidthDp
		ADDED from src\main\AndroidManifest.xml:41:9-46
	android:normalScreens
		ADDED from src\main\AndroidManifest.xml:38:9-37
	android:xlargeScreens
		ADDED from src\main\AndroidManifest.xml:40:9-37
application
ADDED from src\main\AndroidManifest.xml:43:5-125:19
MERGED from [com.google.android.material:material:1.0.0] AndroidManifest.xml:22:5-20
MERGED from [com.google.android.material:material:1.0.0] AndroidManifest.xml:22:5-20
MERGED from [com.google.firebase:firebase-core:17.2.0] AndroidManifest.xml:7:5-20
MERGED from [com.google.firebase:firebase-core:17.2.0] AndroidManifest.xml:7:5-20
MERGED from [com.google.firebase:firebase-messaging:20.0.0] AndroidManifest.xml:22:5-35:19
MERGED from [com.google.firebase:firebase-messaging:20.0.0] AndroidManifest.xml:22:5-35:19
MERGED from [com.google.android.gms:play-services-maps:17.0.0] AndroidManifest.xml:30:5-36:19
MERGED from [com.google.android.gms:play-services-maps:17.0.0] AndroidManifest.xml:30:5-36:19
MERGED from [com.google.android.gms:play-services-analytics:17.0.0] AndroidManifest.xml:29:5-45:19
MERGED from [com.google.android.gms:play-services-analytics:17.0.0] AndroidManifest.xml:29:5-45:19
MERGED from [com.google.firebase:firebase-analytics:17.2.0] AndroidManifest.xml:7:5-20
MERGED from [com.google.firebase:firebase-analytics:17.2.0] AndroidManifest.xml:7:5-20
MERGED from [com.google.android.gms:play-services-measurement-api:17.2.0] AndroidManifest.xml:26:5-34:19
MERGED from [com.google.android.gms:play-services-measurement-api:17.2.0] AndroidManifest.xml:26:5-34:19
MERGED from [com.google.firebase:firebase-iid:20.0.0] AndroidManifest.xml:28:5-45:19
MERGED from [com.google.firebase:firebase-iid:20.0.0] AndroidManifest.xml:28:5-45:19
MERGED from [com.google.firebase:firebase-common:19.0.0] AndroidManifest.xml:11:5-17:19
MERGED from [com.google.firebase:firebase-common:19.0.0] AndroidManifest.xml:11:5-17:19
MERGED from [com.google.android.gms:play-services-tagmanager-v4-impl:17.0.0] AndroidManifest.xml:22:5-20
MERGED from [com.google.android.gms:play-services-tagmanager-v4-impl:17.0.0] AndroidManifest.xml:22:5-20
MERGED from [com.google.android.gms:play-services-analytics-impl:17.0.0] AndroidManifest.xml:29:5-20
MERGED from [com.google.android.gms:play-services-analytics-impl:17.0.0] AndroidManifest.xml:29:5-20
MERGED from [com.google.firebase:firebase-iid-interop:17.0.0] AndroidManifest.xml:7:5-8:19
MERGED from [com.google.firebase:firebase-iid-interop:17.0.0] AndroidManifest.xml:7:5-8:19
MERGED from [com.google.android.gms:play-services-base:17.0.0] AndroidManifest.xml:22:5-27:19
MERGED from [com.google.android.gms:play-services-base:17.0.0] AndroidManifest.xml:22:5-27:19
MERGED from [com.google.android.gms:play-services-tasks:17.0.0] AndroidManifest.xml:7:5-20
MERGED from [com.google.android.gms:play-services-tasks:17.0.0] AndroidManifest.xml:7:5-20
MERGED from [com.google.firebase:firebase-measurement-connector:18.0.0] AndroidManifest.xml:22:5-23:19
MERGED from [com.google.firebase:firebase-measurement-connector:18.0.0] AndroidManifest.xml:22:5-23:19
MERGED from [com.google.android.gms:play-services-measurement:17.2.0] AndroidManifest.xml:28:5-53:19
MERGED from [com.google.android.gms:play-services-measurement:17.2.0] AndroidManifest.xml:28:5-53:19
MERGED from [com.google.android.gms:play-services-measurement-sdk:17.2.0] AndroidManifest.xml:22:5-23:19
MERGED from [com.google.android.gms:play-services-measurement-sdk:17.2.0] AndroidManifest.xml:22:5-23:19
MERGED from [com.google.android.gms:play-services-measurement-impl:17.2.0] AndroidManifest.xml:28:5-38:19
MERGED from [com.google.android.gms:play-services-measurement-impl:17.2.0] AndroidManifest.xml:28:5-38:19
MERGED from [com.google.android.gms:play-services-stats:17.0.0] AndroidManifest.xml:7:5-20
MERGED from [com.google.android.gms:play-services-stats:17.0.0] AndroidManifest.xml:7:5-20
MERGED from [com.google.android.gms:play-services-ads-identifier:17.0.0] AndroidManifest.xml:22:5-20
MERGED from [com.google.android.gms:play-services-ads-identifier:17.0.0] AndroidManifest.xml:22:5-20
MERGED from [com.google.android.gms:play-services-measurement-base:17.2.0] AndroidManifest.xml:7:5-20
MERGED from [com.google.android.gms:play-services-measurement-base:17.2.0] AndroidManifest.xml:7:5-20
MERGED from [com.google.android.gms:play-services-basement:17.0.0] AndroidManifest.xml:22:5-26:19
MERGED from [com.google.android.gms:play-services-basement:17.0.0] AndroidManifest.xml:22:5-26:19
MERGED from [androidx.core:core:1.0.0] AndroidManifest.xml:22:5-89
MERGED from [androidx.core:core:1.0.0] AndroidManifest.xml:22:5-89
MERGED from [androidx.versionedparcelable:versionedparcelable:1.0.0] AndroidManifest.xml:22:5-23:19
MERGED from [androidx.versionedparcelable:versionedparcelable:1.0.0] AndroidManifest.xml:22:5-23:19
	android:appComponentFactory
		ADDED from [androidx.core:core:1.0.0] AndroidManifest.xml:22:18-86
	android:supportsRtl
		ADDED from src\main\AndroidManifest.xml:48:9-36
	android:label
		ADDED from src\main\AndroidManifest.xml:47:9-41
	android:hardwareAccelerated
		ADDED from src\main\AndroidManifest.xml:50:9-43
	android:icon
		ADDED from src\main\AndroidManifest.xml:46:9-43
	android:allowBackup
		ADDED from src\main\AndroidManifest.xml:45:9-35
	android:theme
		ADDED from src\main\AndroidManifest.xml:49:9-40
	android:name
		ADDED from src\main\AndroidManifest.xml:52:9-61
activity#com.becode.humhub.SplashActivity
ADDED from src\main\AndroidManifest.xml:55:9-73:20
	android:label
		ADDED from src\main\AndroidManifest.xml:57:13-45
	android:theme
		ADDED from src\main\AndroidManifest.xml:58:13-56
	android:name
		ADDED from src\main\AndroidManifest.xml:56:13-60
intent-filter#action:name:android.intent.action.MAIN+category:name:android.intent.category.LAUNCHER
ADDED from src\main\AndroidManifest.xml:59:13-62:29
action#android.intent.action.MAIN
ADDED from src\main\AndroidManifest.xml:60:17-69
	android:name
		ADDED from src\main\AndroidManifest.xml:60:25-66
category#android.intent.category.LAUNCHER
ADDED from src\main\AndroidManifest.xml:61:17-77
	android:name
		ADDED from src\main\AndroidManifest.xml:61:27-74
intent-filter#action:name:android.intent.action.VIEW+category:name:android.intent.category.BROWSABLE+category:name:android.intent.category.DEFAULT+data:host:community.humhub.com+data:scheme:https
ADDED from src\main\AndroidManifest.xml:63:13-72:29
action#android.intent.action.VIEW
ADDED from src\main\AndroidManifest.xml:64:17-69
	android:name
		ADDED from src\main\AndroidManifest.xml:64:25-66
category#android.intent.category.DEFAULT
ADDED from src\main\AndroidManifest.xml:66:17-76
	android:name
		ADDED from src\main\AndroidManifest.xml:66:27-73
category#android.intent.category.BROWSABLE
ADDED from src\main\AndroidManifest.xml:67:17-78
	android:name
		ADDED from src\main\AndroidManifest.xml:67:27-75
data
ADDED from src\main\AndroidManifest.xml:69:17-71:59
	android:host
		ADDED from src\main\AndroidManifest.xml:71:21-56
	android:scheme
		ADDED from src\main\AndroidManifest.xml:70:21-43
activity#com.becode.humhub.MainActivity
ADDED from src\main\AndroidManifest.xml:74:9-83:20
	android:screenOrientation
		ADDED from src\main\AndroidManifest.xml:77:13-49
	android:label
		ADDED from src\main\AndroidManifest.xml:76:13-45
	android:theme
		ADDED from src\main\AndroidManifest.xml:78:13-56
	android:name
		ADDED from src\main\AndroidManifest.xml:75:13-58
intent-filter#action:name:OPEN_MAIN_1+category:name:android.intent.category.DEFAULT
ADDED from src\main\AndroidManifest.xml:79:13-82:29
action#OPEN_MAIN_1
ADDED from src\main\AndroidManifest.xml:80:17-54
	android:name
		ADDED from src\main\AndroidManifest.xml:80:25-51
activity#com.becode.humhub.SettingsActivity
ADDED from src\main\AndroidManifest.xml:84:9-91:20
	android:parentActivityName
		ADDED from src\main\AndroidManifest.xml:87:13-72
	android:label
		ADDED from src\main\AndroidManifest.xml:86:13-60
	android:name
		ADDED from src\main\AndroidManifest.xml:85:13-62
meta-data#android.support.PARENT_ACTIVITY
ADDED from src\main\AndroidManifest.xml:88:13-90:66
	android:value
		ADDED from src\main\AndroidManifest.xml:90:17-63
	android:name
		ADDED from src\main\AndroidManifest.xml:89:17-63
service#com.becode.humhub.FCM.MyFirebaseMessagingService
ADDED from src\main\AndroidManifest.xml:102:9-106:19
	android:name
		ADDED from src\main\AndroidManifest.xml:102:18-81
intent-filter#action:name:com.google.firebase.MESSAGING_EVENT
ADDED from src\main\AndroidManifest.xml:103:13-105:29
action#com.google.firebase.MESSAGING_EVENT
ADDED from src\main\AndroidManifest.xml:104:17-78
	android:name
		ADDED from src\main\AndroidManifest.xml:104:25-75
service#com.becode.humhub.FCM.MyFirebaseInstanceIDService
ADDED from src\main\AndroidManifest.xml:108:9-112:19
	android:name
		ADDED from src\main\AndroidManifest.xml:108:18-82
intent-filter#action:name:com.google.firebase.INSTANCE_ID_EVENT
ADDED from src\main\AndroidManifest.xml:109:13-111:29
action#com.google.firebase.INSTANCE_ID_EVENT
ADDED from src\main\AndroidManifest.xml:110:17-80
	android:name
		ADDED from src\main\AndroidManifest.xml:110:25-77
meta-data#com.google.android.gms.version
ADDED from src\main\AndroidManifest.xml:114:9-116:69
MERGED from [com.google.android.gms:play-services-basement:17.0.0] AndroidManifest.xml:23:9-25:69
MERGED from [com.google.android.gms:play-services-basement:17.0.0] AndroidManifest.xml:23:9-25:69
	android:value
		ADDED from src\main\AndroidManifest.xml:116:13-66
	android:name
		ADDED from src\main\AndroidManifest.xml:115:13-58
meta-data#com.google.android.geo.API_KEY
ADDED from src\main\AndroidManifest.xml:117:9-119:48
	android:value
		ADDED from src\main\AndroidManifest.xml:119:13-45
	android:name
		ADDED from src\main\AndroidManifest.xml:118:13-58
meta-data#com.samsung.android.sdk.multiwindow.enable
ADDED from src\main\AndroidManifest.xml:120:9-122:36
	android:value
		ADDED from src\main\AndroidManifest.xml:122:13-33
	android:name
		ADDED from src\main\AndroidManifest.xml:121:13-70
uses-sdk
INJECTED from src\main\AndroidManifest.xml reason: use-sdk injection requested
INJECTED from src\main\AndroidManifest.xml
INJECTED from src\main\AndroidManifest.xml
MERGED from [com.roughike:bottom-bar:2.3.1] AndroidManifest.xml:8:5-10:41
MERGED from [com.roughike:bottom-bar:2.3.1] AndroidManifest.xml:8:5-10:41
MERGED from [com.google.android.material:material:1.0.0] AndroidManifest.xml:20:5-44
MERGED from [com.google.android.material:material:1.0.0] AndroidManifest.xml:20:5-44
MERGED from [androidx.appcompat:appcompat:1.0.0] AndroidManifest.xml:20:5-44
MERGED from [androidx.appcompat:appcompat:1.0.0] AndroidManifest.xml:20:5-44
MERGED from [androidx.browser:browser:1.0.0] AndroidManifest.xml:20:5-44
MERGED from [androidx.browser:browser:1.0.0] AndroidManifest.xml:20:5-44
MERGED from [androidx.vectordrawable:vectordrawable-animated:1.0.0] AndroidManifest.xml:20:5-44
MERGED from [androidx.vectordrawable:vectordrawable-animated:1.0.0] AndroidManifest.xml:20:5-44
MERGED from [androidx.vectordrawable:vectordrawable:1.0.0] AndroidManifest.xml:20:5-44
MERGED from [androidx.vectordrawable:vectordrawable:1.0.0] AndroidManifest.xml:20:5-44
MERGED from [androidx.legacy:legacy-support-v4:1.0.0] AndroidManifest.xml:20:5-44
MERGED from [androidx.legacy:legacy-support-v4:1.0.0] AndroidManifest.xml:20:5-44
MERGED from [androidx.media:media:1.0.0] AndroidManifest.xml:20:5-44
MERGED from [androidx.media:media:1.0.0] AndroidManifest.xml:20:5-44
MERGED from [com.google.firebase:firebase-core:17.2.0] AndroidManifest.xml:5:5-44
MERGED from [com.google.firebase:firebase-core:17.2.0] AndroidManifest.xml:5:5-44
MERGED from [com.google.firebase:firebase-messaging:20.0.0] AndroidManifest.xml:20:5-44
MERGED from [com.google.firebase:firebase-messaging:20.0.0] AndroidManifest.xml:20:5-44
MERGED from [com.google.android.gms:play-services-maps:17.0.0] AndroidManifest.xml:20:5-44
MERGED from [com.google.android.gms:play-services-maps:17.0.0] AndroidManifest.xml:20:5-44
MERGED from [com.google.android.gms:play-services-analytics:17.0.0] AndroidManifest.xml:20:5-44
MERGED from [com.google.android.gms:play-services-analytics:17.0.0] AndroidManifest.xml:20:5-44
MERGED from [androidx.multidex:multidex:2.0.0] AndroidManifest.xml:20:5-43
MERGED from [androidx.multidex:multidex:2.0.0] AndroidManifest.xml:20:5-43
MERGED from [com.google.firebase:firebase-analytics:17.2.0] AndroidManifest.xml:5:5-44
MERGED from [com.google.firebase:firebase-analytics:17.2.0] AndroidManifest.xml:5:5-44
MERGED from [com.google.android.gms:play-services-measurement-api:17.2.0] AndroidManifest.xml:20:5-44
MERGED from [com.google.android.gms:play-services-measurement-api:17.2.0] AndroidManifest.xml:20:5-44
MERGED from [com.google.firebase:firebase-iid:20.0.0] AndroidManifest.xml:20:5-44
MERGED from [com.google.firebase:firebase-iid:20.0.0] AndroidManifest.xml:20:5-44
MERGED from [com.google.firebase:firebase-common:19.0.0] AndroidManifest.xml:6:5-8:41
MERGED from [com.google.firebase:firebase-common:19.0.0] AndroidManifest.xml:6:5-8:41
MERGED from [com.google.android.gms:play-services-tagmanager-v4-impl:17.0.0] AndroidManifest.xml:20:5-44
MERGED from [com.google.android.gms:play-services-tagmanager-v4-impl:17.0.0] AndroidManifest.xml:20:5-44
MERGED from [com.google.android.gms:play-services-analytics-impl:17.0.0] AndroidManifest.xml:20:5-44
MERGED from [com.google.android.gms:play-services-analytics-impl:17.0.0] AndroidManifest.xml:20:5-44
MERGED from [com.google.firebase:firebase-iid-interop:17.0.0] AndroidManifest.xml:5:5-44
MERGED from [com.google.firebase:firebase-iid-interop:17.0.0] AndroidManifest.xml:5:5-44
MERGED from [com.google.android.gms:play-services-base:17.0.0] AndroidManifest.xml:20:5-44
MERGED from [com.google.android.gms:play-services-base:17.0.0] AndroidManifest.xml:20:5-44
MERGED from [com.google.android.gms:play-services-tasks:17.0.0] AndroidManifest.xml:5:5-44
MERGED from [com.google.android.gms:play-services-tasks:17.0.0] AndroidManifest.xml:5:5-44
MERGED from [com.google.firebase:firebase-measurement-connector:18.0.0] AndroidManifest.xml:20:5-44
MERGED from [com.google.firebase:firebase-measurement-connector:18.0.0] AndroidManifest.xml:20:5-44
MERGED from [com.google.android.gms:play-services-measurement:17.2.0] AndroidManifest.xml:20:5-44
MERGED from [com.google.android.gms:play-services-measurement:17.2.0] AndroidManifest.xml:20:5-44
MERGED from [com.google.android.gms:play-services-measurement-sdk:17.2.0] AndroidManifest.xml:20:5-44
MERGED from [com.google.android.gms:play-services-measurement-sdk:17.2.0] AndroidManifest.xml:20:5-44
MERGED from [com.google.android.gms:play-services-measurement-impl:17.2.0] AndroidManifest.xml:20:5-44
MERGED from [com.google.android.gms:play-services-measurement-impl:17.2.0] AndroidManifest.xml:20:5-44
MERGED from [com.google.android.gms:play-services-stats:17.0.0] AndroidManifest.xml:5:5-44
MERGED from [com.google.android.gms:play-services-stats:17.0.0] AndroidManifest.xml:5:5-44
MERGED from [com.google.android.gms:play-services-ads-identifier:17.0.0] AndroidManifest.xml:20:5-44
MERGED from [com.google.android.gms:play-services-ads-identifier:17.0.0] AndroidManifest.xml:20:5-44
MERGED from [com.google.android.gms:play-services-measurement-sdk-api:17.2.0] AndroidManifest.xml:20:5-44
MERGED from [com.google.android.gms:play-services-measurement-sdk-api:17.2.0] AndroidManifest.xml:20:5-44
MERGED from [com.google.android.gms:play-services-measurement-base:17.2.0] AndroidManifest.xml:5:5-44
MERGED from [com.google.android.gms:play-services-measurement-base:17.2.0] AndroidManifest.xml:5:5-44
MERGED from [com.google.android.gms:play-services-basement:17.0.0] AndroidManifest.xml:20:5-44
MERGED from [com.google.android.gms:play-services-basement:17.0.0] AndroidManifest.xml:20:5-44
MERGED from [androidx.fragment:fragment:1.0.0] AndroidManifest.xml:20:5-44
MERGED from [androidx.fragment:fragment:1.0.0] AndroidManifest.xml:20:5-44
MERGED from [androidx.recyclerview:recyclerview:1.0.0] AndroidManifest.xml:20:5-44
MERGED from [androidx.recyclerview:recyclerview:1.0.0] AndroidManifest.xml:20:5-44
MERGED from [androidx.legacy:legacy-support-core-ui:1.0.0] AndroidManifest.xml:20:5-44
MERGED from [androidx.legacy:legacy-support-core-ui:1.0.0] AndroidManifest.xml:20:5-44
MERGED from [androidx.legacy:legacy-support-core-utils:1.0.0] AndroidManifest.xml:20:5-44